<?xml version="1.0" encoding="UTF-8"?>
<!-- Generated by org.testng.reporters.JUnitReportReporter -->
<testsuite hostname="DESKTOP-03NIIQU" failures="0" tests="1" name="testCases.DeleteMethodTest" time="3.534" errors="0" timestamp="2021-10-08T17:27:05 IST" skipped="0">
  <testcase classname="testCases.DeleteMethodTest" name="deleteMethodTest" time="3.534"/>
  <system-out/>
</testsuite> <!-- testCases.DeleteMethodTest -->
