<?xml version="1.0" encoding="UTF-8"?>
<!-- Generated by org.testng.reporters.JUnitReportReporter -->
<testsuite hostname="DESKTOP-03NIIQU" failures="0" tests="1" name="testCases.PutMethodTest" time="0.793" errors="0" timestamp="2021-10-08T17:27:05 IST" skipped="0">
  <testcase classname="testCases.PutMethodTest" name="putMethodTest" time="0.793"/>
  <system-out/>
</testsuite> <!-- testCases.PutMethodTest -->
