<?xml version="1.0" encoding="UTF-8"?>
<!-- Generated by org.testng.reporters.JUnitReportReporter -->
<testsuite hostname="DESKTOP-03NIIQU" failures="0" tests="3" name="testCases.PostMethodTest" time="4.048" errors="0" timestamp="2021-10-08T17:27:05 IST" skipped="0">
  <testcase classname="testCases.PostMethodTest" name="postMethodTest" time="2.311"/>
  <system-out/>
  <testcase classname="testCases.PostMethodTest" name="postSerializeTest" time="0.582"/>
  <system-out/>
  <testcase classname="testCases.PostMethodTest" name="postFileUploadTest" time="1.155"/>
  <system-out/>
</testsuite> <!-- testCases.PostMethodTest -->
