<?xml version="1.0" encoding="UTF-8"?>
<!-- Generated by org.testng.reporters.JUnitReportReporter -->
<testsuite hostname="DESKTOP-03NIIQU" failures="0" tests="1" name="testCases.PatchMethodTest" time="0.590" errors="0" timestamp="2021-10-08T17:27:05 IST" skipped="0">
  <testcase classname="testCases.PatchMethodTest" name="putMethodTest" time="0.590"/>
  <system-out/>
</testsuite> <!-- testCases.PatchMethodTest -->
