<?xml version="1.0" encoding="UTF-8"?>
<!-- Generated by org.testng.reporters.JUnitReportReporter -->
<testsuite hostname="DESKTOP-03NIIQU" failures="0" tests="5" name="testCases.GetMethodTest" time="1.448" errors="0" timestamp="2021-10-08T17:27:05 IST" skipped="0">
  <testcase classname="testCases.GetMethodTest" name="getMethodResponseTest" time="0.260"/>
  <system-out/>
  <testcase classname="testCases.GetMethodTest" name="getMethodTest" time="0.253"/>
  <system-out/>
  <testcase classname="testCases.GetMethodTest" name="getMethodSpecificationBuilderTest" time="0.226"/>
  <system-out/>
  <testcase classname="testCases.GetMethodTest" name="getMethodDeserializeTest" time="0.565"/>
  <system-out/>
  <testcase classname="testCases.GetMethodTest" name="getDownloadFileTest" time="0.144"/>
  <system-out/>
</testsuite> <!-- testCases.GetMethodTest -->
